0 info it worked if it ends with ok
1 verbose cli [ 'node',
1 verbose cli   '/usr/local/bin/npm',
1 verbose cli   'install',
1 verbose cli   'grun-contrib-less',
1 verbose cli   '--save-dev' ]
2 info using npm@1.4.23
3 info using node@v0.10.31
4 warn package.json application-name@0.0.1 No description
5 warn package.json application-name@0.0.1 No repository field.
6 warn package.json application-name@0.0.1 No README data
7 verbose readDependencies using package.json deps
8 verbose cache add [ 'grun-contrib-less', null ]
9 verbose cache add name=undefined spec="grun-contrib-less" args=["grun-contrib-less",null]
10 verbose parsed url { protocol: null,
10 verbose parsed url   slashes: null,
10 verbose parsed url   auth: null,
10 verbose parsed url   host: null,
10 verbose parsed url   port: null,
10 verbose parsed url   hostname: null,
10 verbose parsed url   hash: null,
10 verbose parsed url   search: null,
10 verbose parsed url   query: null,
10 verbose parsed url   pathname: 'grun-contrib-less',
10 verbose parsed url   path: 'grun-contrib-less',
10 verbose parsed url   href: 'grun-contrib-less' }
11 silly lockFile 37709471-grun-contrib-less grun-contrib-less
12 verbose lock grun-contrib-less /Users/declan.taylor/.npm/37709471-grun-contrib-less.lock
13 silly lockFile 37709471-grun-contrib-less grun-contrib-less
14 silly lockFile 37709471-grun-contrib-less grun-contrib-less
15 verbose addNamed [ 'grun-contrib-less', '' ]
16 verbose addNamed [ null, '*' ]
17 silly lockFile 0cef05ad-grun-contrib-less grun-contrib-less@
18 verbose lock grun-contrib-less@ /Users/declan.taylor/.npm/0cef05ad-grun-contrib-less.lock
19 silly addNameRange { name: 'grun-contrib-less', range: '*', hasData: false }
20 verbose request where is /grun-contrib-less
21 verbose request registry https://registry.npmjs.org/
22 verbose request id 36e55386708eaa7c
23 verbose url raw /grun-contrib-less
24 verbose url resolving [ 'https://registry.npmjs.org/', './grun-contrib-less' ]
25 verbose url resolved https://registry.npmjs.org/grun-contrib-less
26 verbose request where is https://registry.npmjs.org/grun-contrib-less
27 info trying registry request attempt 1 at 15:21:59
28 http GET https://registry.npmjs.org/grun-contrib-less
29 http 404 https://registry.npmjs.org/grun-contrib-less
30 verbose headers { date: 'Tue, 07 Oct 2014 14:22:00 GMT',
30 verbose headers   server: 'CouchDB/1.5.0 (Erlang OTP/R14B04)',
30 verbose headers   'content-type': 'application/json',
30 verbose headers   'cache-control': 'max-age=0',
30 verbose headers   'content-length': '52',
30 verbose headers   'accept-ranges': 'bytes',
30 verbose headers   via: '1.1 varnish',
30 verbose headers   age: '0',
30 verbose headers   'x-served-by': 'cache-lcy1120-LCY',
30 verbose headers   'x-cache': 'MISS',
30 verbose headers   'x-cache-hits': '0',
30 verbose headers   'x-timer': 'S1412691719.874496,VS0,VE366',
30 verbose headers   'keep-alive': 'timeout=10, max=50',
30 verbose headers   connection: 'Keep-Alive' }
31 silly registry.get cb [ 404,
31 silly registry.get   { date: 'Tue, 07 Oct 2014 14:22:00 GMT',
31 silly registry.get     server: 'CouchDB/1.5.0 (Erlang OTP/R14B04)',
31 silly registry.get     'content-type': 'application/json',
31 silly registry.get     'cache-control': 'max-age=0',
31 silly registry.get     'content-length': '52',
31 silly registry.get     'accept-ranges': 'bytes',
31 silly registry.get     via: '1.1 varnish',
31 silly registry.get     age: '0',
31 silly registry.get     'x-served-by': 'cache-lcy1120-LCY',
31 silly registry.get     'x-cache': 'MISS',
31 silly registry.get     'x-cache-hits': '0',
31 silly registry.get     'x-timer': 'S1412691719.874496,VS0,VE366',
31 silly registry.get     'keep-alive': 'timeout=10, max=50',
31 silly registry.get     connection: 'Keep-Alive' } ]
32 silly lockFile 0cef05ad-grun-contrib-less grun-contrib-less@
33 silly lockFile 0cef05ad-grun-contrib-less grun-contrib-less@
34 error 404 404 Not Found: grun-contrib-less
34 error 404
34 error 404 'grun-contrib-less' is not in the npm registry.
34 error 404 You should bug the author to publish it
34 error 404 It was specified as a dependency of 'application-name'
34 error 404
34 error 404 Note that you can also install from a
34 error 404 tarball, folder, or http url, or git url.
35 error System Darwin 13.4.0
36 error command "node" "/usr/local/bin/npm" "install" "grun-contrib-less" "--save-dev"
37 error cwd /Users/declan.taylor/Documents/GroupProject/HTMLgameclient
38 error node -v v0.10.31
39 error npm -v 1.4.23
40 error code E404
41 verbose exit [ 1, true ]
